<?xml version="1.0" encoding="UTF-8"?>
<!-- Generated by org.testng.reporters.JUnitReportReporter -->
<testsuite hostname="DESKTOP-H7Q0JRS" failures="0" tests="1" name="testcases.TC09_AddProductToShoppingCart" time="3.931" errors="0" timestamp="2024-01-24T01:25:47 EET" skipped="0">
  <testcase classname="testcases.TC09_AddProductToShoppingCart" name="addProductToShoppingCard_P" time="3.931"/>
  <system-out/>
</testsuite> <!-- testcases.TC09_AddProductToShoppingCart -->
