<?xml version="1.0" encoding="UTF-8"?>
<!-- Generated by org.testng.reporters.JUnitReportReporter -->
<testsuite hostname="DESKTOP-H7Q0JRS" failures="0" tests="1" name="testcases.TC04_SearchForProduct" time="2.345" errors="0" timestamp="2024-01-24T01:25:47 EET" skipped="0">
  <testcase classname="testcases.TC04_SearchForProduct" name="searchProduct_P" time="2.345"/>
  <system-out/>
</testsuite> <!-- testcases.TC04_SearchForProduct -->
