<?xml version="1.0" encoding="UTF-8"?>
<!-- Generated by org.testng.reporters.JUnitReportReporter -->
<testsuite hostname="DESKTOP-H7Q0JRS" failures="0" tests="1" name="testcases.TC03_ForgotPassword" time="1.547" errors="0" timestamp="2024-01-24T01:25:47 EET" skipped="0">
  <testcase classname="testcases.TC03_ForgotPassword" name="forgotPassword_P" time="1.547"/>
  <system-out/>
</testsuite> <!-- testcases.TC03_ForgotPassword -->
