<?xml version="1.0" encoding="UTF-8"?>
<!-- Generated by org.testng.reporters.JUnitReportReporter -->
<testsuite hostname="DESKTOP-H7Q0JRS" failures="0" tests="1" name="testcases.TC07_FilterWithColor" time="3.054" errors="0" timestamp="2024-01-24T01:25:47 EET" skipped="0">
  <testcase classname="testcases.TC07_FilterWithColor" name="filterWithColor_P" time="3.054"/>
  <system-out/>
</testsuite> <!-- testcases.TC07_FilterWithColor -->
