<?xml version="1.0" encoding="UTF-8"?>
<!-- Generated by org.testng.reporters.JUnitReportReporter -->
<testsuite hostname="DESKTOP-H7Q0JRS" failures="0" tests="1" name="testcases.TC11_AddProductToCompareList" time="2.618" errors="0" timestamp="2024-01-24T01:25:47 EET" skipped="0">
  <testcase classname="testcases.TC11_AddProductToCompareList" name="addProductToCompareList_P" time="2.618"/>
  <system-out/>
</testsuite> <!-- testcases.TC11_AddProductToCompareList -->
