<?xml version="1.0" encoding="UTF-8"?>
<!-- Generated by org.testng.reporters.JUnitReportReporter -->
<testsuite hostname="DESKTOP-H7Q0JRS" failures="0" tests="1" name="testcases.TC03_ForgotPassword" time="2.315" errors="0" timestamp="2024-01-23T15:29:08 EET" skipped="0">
  <testcase classname="testcases.TC03_ForgotPassword" name="forgotPassword_P" time="2.315"/>
  <system-out/>
</testsuite> <!-- testcases.TC03_ForgotPassword -->
