<?xml version="1.0" encoding="UTF-8"?>
<!-- Generated by org.testng.reporters.JUnitReportReporter -->
<testsuite hostname="DESKTOP-H7Q0JRS" failures="0" tests="1" name="testcases.TC11_AddProductToCompareList" time="3.343" errors="0" timestamp="2024-01-23T15:29:08 EET" skipped="0">
  <testcase classname="testcases.TC11_AddProductToCompareList" name="addProductToCompareList_P" time="3.343"/>
  <system-out/>
</testsuite> <!-- testcases.TC11_AddProductToCompareList -->
