<?xml version="1.0" encoding="UTF-8"?>
<!-- Generated by org.testng.reporters.JUnitReportReporter -->
<testsuite hostname="DESKTOP-H7Q0JRS" failures="0" tests="1" name="testcases.TC10_AddProductToWishList" time="4.437" errors="0" timestamp="2024-01-23T15:29:08 EET" skipped="0">
  <testcase classname="testcases.TC10_AddProductToWishList" name="addProductToWishList_P" time="4.437"/>
  <system-out/>
</testsuite> <!-- testcases.TC10_AddProductToWishList -->
