<?xml version="1.0" encoding="UTF-8"?>
<!-- Generated by org.testng.reporters.JUnitReportReporter -->
<testsuite hostname="DESKTOP-H7Q0JRS" failures="0" tests="1" name="testcases.TC06_SelectCategory" time="2.294" errors="0" timestamp="2024-01-24T01:25:47 EET" skipped="0">
  <testcase classname="testcases.TC06_SelectCategory" name="selectCategory_P" time="2.294"/>
  <system-out/>
</testsuite> <!-- testcases.TC06_SelectCategory -->
