<?xml version="1.0" encoding="UTF-8"?>
<!-- Generated by org.testng.reporters.JUnitReportReporter -->
<testsuite hostname="DESKTOP-H7Q0JRS" failures="0" tests="1" name="testcases.TC01_Register" time="3.025" errors="0" timestamp="2024-01-24T01:25:47 EET" skipped="0">
  <testcase classname="testcases.TC01_Register" name="registerNewUserWithValidData_P" time="3.025"/>
  <system-out/>
</testsuite> <!-- testcases.TC01_Register -->
