<?xml version="1.0" encoding="UTF-8"?>
<!-- Generated by org.testng.reporters.JUnitReportReporter -->
<testsuite hostname="DESKTOP-H7Q0JRS" failures="0" tests="1" name="testcases.TC08_SelectDifferentTags" time="3.409" errors="0" timestamp="2024-01-23T15:29:08 EET" skipped="0">
  <testcase classname="testcases.TC08_SelectDifferentTags" name="selectTag_P" time="3.409"/>
  <system-out/>
</testsuite> <!-- testcases.TC08_SelectDifferentTags -->
