<?xml version="1.0" encoding="UTF-8"?>
<!-- Generated by org.testng.reporters.JUnitReportReporter -->
<testsuite hostname="DESKTOP-H7Q0JRS" failures="0" tests="1" name="testcases.TC12_CreateOrder" time="13.796" errors="0" timestamp="2024-01-23T22:14:42 EET" skipped="0">
  <testcase classname="testcases.TC12_CreateOrder" name="createOrder_P" time="13.796"/>
  <system-out/>
</testsuite> <!-- testcases.TC12_CreateOrder -->
