<?xml version="1.0" encoding="UTF-8"?>
<!-- Generated by org.testng.reporters.JUnitReportReporter -->
<testsuite hostname="DESKTOP-H7Q0JRS" failures="0" tests="1" name="testcases.TC05_SwitchCurrencies" time="1.659" errors="0" timestamp="2024-01-24T01:25:47 EET" skipped="0">
  <testcase classname="testcases.TC05_SwitchCurrencies" name="switchCurrency_P" time="1.659"/>
  <system-out/>
</testsuite> <!-- testcases.TC05_SwitchCurrencies -->
