<?xml version="1.0" encoding="UTF-8"?>
<!-- Generated by org.testng.reporters.JUnitReportReporter -->
<testsuite hostname="DESKTOP-H7Q0JRS" failures="0" tests="1" name="testcases.TC05_SwitchCurrencies" time="2.864" errors="0" timestamp="2024-01-23T15:29:08 EET" skipped="0">
  <testcase classname="testcases.TC05_SwitchCurrencies" name="switchCurrency_P" time="2.864"/>
  <system-out/>
</testsuite> <!-- testcases.TC05_SwitchCurrencies -->
