<?xml version="1.0" encoding="UTF-8"?>
<!-- Generated by org.testng.reporters.JUnitReportReporter -->
<testsuite hostname="DESKTOP-H7Q0JRS" failures="0" tests="1" name="testcases.TC12_CreateOrder" time="11.713" errors="0" timestamp="2024-01-24T01:25:47 EET" skipped="0">
  <testcase classname="testcases.TC12_CreateOrder" name="createOrder_P" time="11.713"/>
  <system-out/>
</testsuite> <!-- testcases.TC12_CreateOrder -->
