<?xml version="1.0" encoding="UTF-8"?>
<!-- Generated by org.testng.reporters.JUnitReportReporter -->
<testsuite hostname="DESKTOP-H7Q0JRS" failures="0" tests="1" name="testcases.TC02_Login" time="2.693" errors="0" timestamp="2024-01-23T15:29:08 EET" skipped="0">
  <testcase classname="testcases.TC02_Login" name="loginWithValidData_P" time="2.693"/>
  <system-out/>
</testsuite> <!-- testcases.TC02_Login -->
